<?xml version="1.0" encoding="UTF-8"?>
<testng-results skipped="0" failed="0" ignored="0" total="2" passed="2">
  <reporter-output>
  </reporter-output>
  <suite name="Command line suite" duration-ms="36" started-at="2017-07-12T09:41:44Z" finished-at="2017-07-12T09:41:44Z">
    <groups>
    </groups>
    <test name="Command line test" duration-ms="36" started-at="2017-07-12T09:41:44Z" finished-at="2017-07-12T09:41:44Z">
      <class name="test.FirstTest">
        <test-method status="PASS" signature="testMethod()[pri:0, instance:test.FirstTest@1e643faf]" name="testMethod" duration-ms="0" started-at="2017-07-12T11:41:44Z" finished-at="2017-07-12T11:41:44Z">
          <reporter-output>
          </reporter-output>
        </test-method> <!-- testMethod -->
      </class> <!-- test.FirstTest -->
      <class name="test.beforeafter.TestClass">
        <test-method status="PASS" signature="beforeBaseClass()[pri:0, instance:test.beforeafter.TestClass@3b6eb2ec]" name="beforeBaseClass" is-config="true" duration-ms="11" started-at="2017-07-12T11:41:44Z" finished-at="2017-07-12T11:41:44Z">
          <reporter-output>
          </reporter-output>
        </test-method> <!-- beforeBaseClass -->
        <test-method status="PASS" signature="beforeChildClass()[pri:0, instance:test.beforeafter.TestClass@3b6eb2ec]" name="beforeChildClass" is-config="true" duration-ms="0" started-at="2017-07-12T11:41:44Z" finished-at="2017-07-12T11:41:44Z">
          <reporter-output>
          </reporter-output>
        </test-method> <!-- beforeChildClass -->
        <test-method status="PASS" signature="beforeBaseMethod()[pri:0, instance:test.beforeafter.TestClass@3b6eb2ec]" name="beforeBaseMethod" is-config="true" duration-ms="0" started-at="2017-07-12T11:41:44Z" finished-at="2017-07-12T11:41:44Z">
          <reporter-output>
          </reporter-output>
        </test-method> <!-- beforeBaseMethod -->
        <test-method status="PASS" signature="beforeChildMethod()[pri:0, instance:test.beforeafter.TestClass@3b6eb2ec]" name="beforeChildMethod" is-config="true" duration-ms="1" started-at="2017-07-12T11:41:44Z" finished-at="2017-07-12T11:41:44Z">
          <reporter-output>
          </reporter-output>
        </test-method> <!-- beforeChildMethod -->
        <test-method status="PASS" signature="testMethod()[pri:0, instance:test.beforeafter.TestClass@3b6eb2ec]" name="testMethod" duration-ms="1" started-at="2017-07-12T11:41:44Z" finished-at="2017-07-12T11:41:44Z">
          <reporter-output>
          </reporter-output>
        </test-method> <!-- testMethod -->
        <test-method status="PASS" signature="afterBaseMethod()[pri:0, instance:test.beforeafter.TestClass@3b6eb2ec]" name="afterBaseMethod" is-config="true" duration-ms="0" started-at="2017-07-12T11:41:44Z" finished-at="2017-07-12T11:41:44Z">
          <reporter-output>
          </reporter-output>
        </test-method> <!-- afterBaseMethod -->
        <test-method status="PASS" signature="afterChildMethod()[pri:0, instance:test.beforeafter.TestClass@3b6eb2ec]" name="afterChildMethod" is-config="true" duration-ms="0" started-at="2017-07-12T11:41:44Z" finished-at="2017-07-12T11:41:44Z">
          <reporter-output>
          </reporter-output>
        </test-method> <!-- afterChildMethod -->
        <test-method status="PASS" signature="afterBaseClass()[pri:0, instance:test.beforeafter.TestClass@3b6eb2ec]" name="afterBaseClass" is-config="true" duration-ms="0" started-at="2017-07-12T11:41:44Z" finished-at="2017-07-12T11:41:44Z">
          <reporter-output>
          </reporter-output>
        </test-method> <!-- afterBaseClass -->
        <test-method status="PASS" signature="afterChildClass()[pri:0, instance:test.beforeafter.TestClass@3b6eb2ec]" name="afterChildClass" is-config="true" duration-ms="0" started-at="2017-07-12T11:41:44Z" finished-at="2017-07-12T11:41:44Z">
          <reporter-output>
          </reporter-output>
        </test-method> <!-- afterChildClass -->
      </class> <!-- test.beforeafter.TestClass -->
    </test> <!-- Command line test -->
  </suite> <!-- Command line suite -->
</testng-results>
